e:\github\clock\theclock\clock\theclock\theclock\debug\theclock.pch
e:\github\clock\theclock\clock\theclock\theclock\debug\vc142.pdb
e:\github\clock\theclock\clock\theclock\theclock\debug\vc142.idb
e:\github\clock\theclock\clock\theclock\theclock\debug\theclock.pchast
e:\github\clock\theclock\clock\theclock\theclock\debug\stdafx.nativecodeanalysis.sarif
e:\github\clock\theclock\clock\theclock\theclock\debug\stdafx.nativecodeanalysis.xml
e:\github\clock\theclock\clock\theclock\theclock\debug\stdafx.obj
e:\github\clock\theclock\clock\theclock\theclock\debug\theclock.nativecodeanalysis.sarif
e:\github\clock\theclock\clock\theclock\theclock\debug\theclock.nativecodeanalysis.xml
e:\github\clock\theclock\clock\theclock\theclock\debug\theclock.obj
e:\github\clock\theclock\clock\theclock\debug\theclock.ilk
e:\github\clock\theclock\clock\theclock\debug\theclock.exe
e:\github\clock\theclock\clock\theclock\debug\theclock.pdb
e:\github\clock\theclock\clock\theclock\theclock\debug\nativecodeanalysis.read.1.tlog
e:\github\clock\theclock\clock\theclock\theclock\debug\vc.nativecodeanalysis.all.xml
e:\github\clock\theclock\clock\theclock\theclock\debug\theclock.tlog\cl.command.1.tlog
e:\github\clock\theclock\clock\theclock\theclock\debug\theclock.tlog\cl.read.1.tlog
e:\github\clock\theclock\clock\theclock\theclock\debug\theclock.tlog\cl.write.1.tlog
e:\github\clock\theclock\clock\theclock\theclock\debug\theclock.tlog\link.command.1.tlog
e:\github\clock\theclock\clock\theclock\theclock\debug\theclock.tlog\link.read.1.tlog
e:\github\clock\theclock\clock\theclock\theclock\debug\theclock.tlog\link.write.1.tlog
